[14:57:15] [ServerMain/INFO]: [bootstrap] Running Java 21 (Java HotSpot(TM) 64-Bit Server VM 21.0.9+7-LTS-338; Oracle Corporation null) on Windows 11 10.0 (amd64)
[14:57:15] [ServerMain/INFO]: [bootstrap] Loading Paper 1.21-130-master@b1b5d4c (2024-08-10T10:02:42Z) for Minecraft 1.21
[14:57:16] [ServerMain/INFO]: [PluginInitializerManager] Initializing plugins...
[14:57:16] [ServerMain/INFO]: [PluginInitializerManager] Initialized 1 plugin
[14:57:16] [ServerMain/INFO]: [PluginInitializerManager] Paper plugins (1):
 - RiftLegacy (1.0-SNAPSHOT)
[14:57:20] [ServerMain/INFO]: Environment: Environment[sessionHost=https://sessionserver.mojang.com, servicesHost=https://api.minecraftservices.com, name=PROD]
[14:57:21] [ServerMain/INFO]: Loaded 1290 recipes
[14:57:21] [ServerMain/INFO]: Loaded 1399 advancements
[14:57:21] [Server thread/INFO]: Starting minecraft server version 1.21
[14:57:21] [Server thread/INFO]: Loading properties
[14:57:21] [Server thread/INFO]: This server is running Paper version 1.21-130-master@b1b5d4c (2024-08-10T10:02:42Z) (Implementing API version 1.21-R0.1-SNAPSHOT)
[14:57:22] [Server thread/INFO]: [spark] This server bundles the spark profiler. For more information please visit https://docs.papermc.io/paper/profiling
[14:57:22] [Server thread/INFO]: Server Ping Player Sample Count: 12
[14:57:22] [Server thread/INFO]: Using 4 threads for Netty based IO
[14:57:23] [Server thread/INFO]: [ChunkTaskScheduler] Chunk system is using 1 I/O threads, 4 worker threads, and population gen parallelism of 4 threads
[14:57:23] [Server thread/INFO]: Default game type: SURVIVAL
[14:57:23] [Server thread/INFO]: Generating keypair
[14:57:23] [Server thread/INFO]: Starting Minecraft server on *:25565
[14:57:23] [Server thread/INFO]: Using default channel type
[14:57:23] [Server thread/INFO]: Paper: Using Java compression from Velocity.
[14:57:23] [Server thread/INFO]: Paper: Using Java cipher from Velocity.
[14:57:23] [Server thread/INFO]: [RiftLegacy] Loading server plugin RiftLegacy v1.0-SNAPSHOT
[14:57:23] [Server thread/INFO]: Server permissions file permissions.yml is empty, ignoring it
[14:57:23] [Server thread/INFO]: Preparing level "world"
[14:57:24] [Server thread/INFO]: Preparing start region for dimension minecraft:overworld
[14:57:24] [Server thread/INFO]: Time elapsed: 680 ms
[14:57:24] [Server thread/INFO]: Preparing start region for dimension minecraft:the_nether
[14:57:24] [Server thread/INFO]: Time elapsed: 64 ms
[14:57:24] [Server thread/INFO]: Preparing start region for dimension minecraft:the_end
[14:57:24] [Server thread/INFO]: Time elapsed: 41 ms
[14:57:24] [Server thread/INFO]: [RiftLegacy] Enabling RiftLegacy v1.0-SNAPSHOT
[14:57:24] [Server thread/INFO]: [spark] Starting background profiler...
[14:57:24] [Server thread/INFO]: [spark] The async-profiler engine is not supported for your os/arch (windows11/amd64), so the built-in Java engine will be used instead.
[14:57:25] [Server thread/INFO]: Done preparing level "world" (1.404s)
[14:57:25] [Server thread/INFO]: Running delayed init tasks
[14:57:25] [Server thread/INFO]: Done (9.816s)! For help, type "help"
[14:57:25] [Server thread/INFO]: Timings Reset
[14:57:25] [Server thread/INFO]: DocStrange10 (/127.0.0.1:53081) lost connection: Disconnected
[14:57:26] [User Authenticator #0/INFO]: UUID of player DocStrange10 is 9bbd78f3-7f6b-4da0-b153-c1d51fd00428
[14:57:27] [Server thread/INFO]: DocStrange10 joined the game
[14:57:27] [Server thread/INFO]: DocStrange10[/127.0.0.1:53083] logged in with entity id 53 at ([world]126.34059653338885, 78.0, -3.6923912178706324)
[14:57:33] [Server thread/INFO]: DocStrange10 issued server command: /freeze DocStrange10
[14:57:37] [Server thread/INFO]: DocStrange10 issued server command: /unfreeze DocStrange10
[14:57:39] [Server thread/INFO]: DocStrange10 lost connection: Disconnected
[14:57:39] [Server thread/INFO]: DocStrange10 left the game
[14:57:40] [User Authenticator #0/INFO]: UUID of player DocStrange10 is 9bbd78f3-7f6b-4da0-b153-c1d51fd00428
[14:57:40] [Server thread/INFO]: DocStrange10 joined the game
[14:57:40] [Server thread/INFO]: DocStrange10[/127.0.0.1:53101] logged in with entity id 278 at ([world]126.65459116439635, 78.0, -2.674176664921873)
[14:57:44] [Server thread/INFO]: DocStrange10 issued server command: /freeze DocStrange10
[14:57:46] [Server thread/INFO]: DocStrange10 lost connection: Disconnected
[14:57:46] [Server thread/INFO]: DocStrange10 left the game
[14:57:48] [User Authenticator #0/INFO]: UUID of player DocStrange10 is 9bbd78f3-7f6b-4da0-b153-c1d51fd00428
[14:57:48] [Server thread/INFO]: DocStrange10 joined the game
[14:57:48] [Server thread/INFO]: DocStrange10[/127.0.0.1:53109] logged in with entity id 279 at ([world]126.92262697030793, 78.0, -4.731481504883816)
[14:57:50] [Server thread/INFO]: DocStrange10 lost connection: Disconnected
[14:57:50] [Server thread/INFO]: DocStrange10 left the game
